\BOOKMARK [0][-]{section*.1}{\315ndice general}{}% 1
\BOOKMARK [0][-]{section*.2}{\315ndice de figuras}{}% 2
\BOOKMARK [0][-]{chapter*.3}{Introducci\363n}{}% 3
\BOOKMARK [1][-]{section.1.1}{Estructura del documento}{chapter*.3}% 4
\BOOKMARK [0][-]{chapter*.6}{Objetivos del proyecto}{}% 5
\BOOKMARK [1][-]{section.2.1}{Objetivos generales}{chapter*.6}% 6
\BOOKMARK [1][-]{section.2.2}{Objetivos t\351cnicos}{chapter*.6}% 7
\BOOKMARK [1][-]{section.2.3}{Objetivos personales}{chapter*.6}% 8
\BOOKMARK [0][-]{chapter*.14}{Conceptos te\363ricos}{}% 9
\BOOKMARK [1][-]{section.3.1}{Conceptos previos}{chapter*.14}% 10
\BOOKMARK [1][-]{section.3.2}{An\341lisis de datos de trayectorias geo-espaciales}{chapter*.14}% 11
\BOOKMARK [0][-]{chapter*.24}{T\351cnicas y herramientas}{}% 12
\BOOKMARK [1][-]{section.4.1}{T\351cnicas}{chapter*.24}% 13
\BOOKMARK [1][-]{section.4.2}{Herramientas}{chapter*.24}% 14
\BOOKMARK [0][-]{chapter*.59}{Aspectos relevantes del desarrollo del proyecto}{}% 15
\BOOKMARK [1][-]{section.5.1}{Concepto inicial del proyecto}{chapter*.59}% 16
\BOOKMARK [1][-]{section.5.2}{Conocimientos previos}{chapter*.59}% 17
\BOOKMARK [1][-]{section.5.3}{Errores propios del hardware}{chapter*.59}% 18
\BOOKMARK [1][-]{section.5.4}{Obtenci\363n de datos}{chapter*.59}% 19
\BOOKMARK [1][-]{section.5.5}{Tama\361o de los datos de an\341lisis}{chapter*.59}% 20
\BOOKMARK [1][-]{section.5.6}{Tiempos de ejecuci\363n}{chapter*.59}% 21
\BOOKMARK [1][-]{section.5.7}{Dise\361o del algoritmo}{chapter*.59}% 22
\BOOKMARK [0][-]{chapter*.61}{Estado del arte}{}% 23
\BOOKMARK [1][-]{section.6.1}{Weka-STPM}{chapter*.61}% 24
\BOOKMARK [1][-]{section.6.2}{CARTO}{chapter*.61}% 25
\BOOKMARK [1][-]{section.6.3}{Google Trips}{chapter*.61}% 26
\BOOKMARK [1][-]{section.6.4}{Conclusiones sobre el estado del arte}{chapter*.61}% 27
\BOOKMARK [0][-]{chapter*.64}{Conclusiones y L\355neas de trabajo futuras}{}% 28
\BOOKMARK [1][-]{section.7.1}{Conclusiones}{chapter*.64}% 29
\BOOKMARK [1][-]{section.7.2}{Lineas de trabajo futuras}{chapter*.64}% 30
\BOOKMARK [0][-]{section*.66}{Bibliograf\355a}{}% 31
